2024-07-19 16:48:24 Loading main app package /usr/lib/obsidian/obsidian.asar
2024-07-19 16:48:25 Checking for update using Github
2024-07-19 16:48:26 Success.
2024-07-19 16:48:26 Latest version is 1.6.7
2024-07-19 16:48:26 Downloading update from https://github.com/obsidianmd/obsidian-releases/releases/download/v1.6.7/obsidian-1.6.7.asar.gz
2024-07-19 16:48:30 Verifying hash & signature. Size= 7993245
2024-07-19 16:48:30 Saving file
2024-07-19 16:48:30 Update complete.
2024-07-19 17:02:12 Loading updated app package /home/step/.config/obsidian/obsidian-1.6.7.asar
2024-07-19 17:02:12 Checking for update using Github
2024-07-19 17:02:12 Success.
2024-07-19 17:02:12 Latest version is 1.6.7
2024-07-19 17:02:12 App is up to date.
2024-07-19 17:02:26 Loading updated app package /home/step/.config/obsidian/obsidian-1.6.7.asar
2024-07-19 17:02:26 Checking for update using Github
2024-07-19 17:02:26 Success.
2024-07-19 17:02:26 Latest version is 1.6.7
2024-07-19 17:02:26 App is up to date.
2024-07-19 17:08:04 Loading updated app package /home/step/.config/obsidian/obsidian-1.6.7.asar
2024-07-19 17:08:04 Checking for update using Github
2024-07-19 17:08:29 Loading updated app package /home/step/.config/obsidian/obsidian-1.6.7.asar
2024-07-19 17:14:43 Loading updated app package /home/step/.config/obsidian/obsidian-1.6.7.asar
2024-07-20 09:21:13 Loading updated app package /home/step/.config/obsidian/obsidian-1.6.7.asar
2024-07-21 09:06:52 Loading updated app package /home/step/.config/obsidian/obsidian-1.6.7.asar
2024-07-22 04:50:39 Loading updated app package /home/step/.config/obsidian/obsidian-1.6.7.asar
2024-07-23 05:32:02 Loading updated app package /home/step/.config/obsidian/obsidian-1.6.7.asar
2024-07-23 05:38:19 Loading updated app package /home/step/.config/obsidian/obsidian-1.6.7.asar
2024-07-23 05:45:25 Loading updated app package /home/step/.config/obsidian/obsidian-1.6.7.asar
2024-07-23 12:57:33 Loading updated app package /home/step/.config/obsidian/obsidian-1.6.7.asar
2024-07-23 12:57:51 Loading updated app package /home/step/.config/obsidian/obsidian-1.6.7.asar
2024-07-24 12:01:17 Loading updated app package /home/step/.config/obsidian/obsidian-1.6.7.asar
2024-07-25 18:13:41 Loading updated app package /home/step/.config/obsidian/obsidian-1.6.7.asar
2024-07-26 05:27:15 Loading updated app package /home/step/.config/obsidian/obsidian-1.6.7.asar
2024-07-26 14:10:36 Loading updated app package /home/step/.config/obsidian/obsidian-1.6.7.asar
2024-07-27 06:34:04 Loading updated app package /home/step/.config/obsidian/obsidian-1.6.7.asar
2024-07-28 07:07:58 Loading updated app package /home/step/.config/obsidian/obsidian-1.6.7.asar
2024-07-29 12:31:51 Loading updated app package /home/step/.config/obsidian/obsidian-1.6.7.asar
2024-07-30 07:30:56 Loading updated app package /home/step/.config/obsidian/obsidian-1.6.7.asar
2024-08-01 06:39:43 Loading updated app package /home/step/.config/obsidian/obsidian-1.6.7.asar
2024-08-06 08:44:41 Loading updated app package /home/step/.config/obsidian/obsidian-1.6.7.asar
2024-08-07 11:35:54 Loading updated app package /home/step/.config/obsidian/obsidian-1.6.7.asar
2024-08-09 08:51:19 Loading updated app package /home/step/.config/obsidian/obsidian-1.6.7.asar
2024-08-10 09:10:51 Loading main app package /usr/lib/obsidian/obsidian.asar
2024-08-18 07:40:16 Loading main app package /usr/lib/obsidian/obsidian.asar
2024-08-18 07:40:40 Loading main app package /usr/lib/obsidian/obsidian.asar
2024-08-20 06:33:53 Loading main app package /usr/lib/obsidian/obsidian.asar
2024-08-22 05:33:21 Loading main app package /usr/lib/obsidian/obsidian.asar
2024-08-22 06:27:31 Loading main app package /usr/lib/obsidian/obsidian.asar
2024-08-24 06:20:26 Loading main app package /usr/lib/obsidian/obsidian.asar
2024-08-25 05:31:43 Loading main app package /usr/lib/obsidian/obsidian.asar
2024-08-26 07:54:55 Loading main app package /usr/lib/obsidian/obsidian.asar
2024-08-26 16:07:03 Loading main app package /usr/lib/obsidian/obsidian.asar
2024-08-27 10:21:49 Loading main app package /usr/lib/obsidian/obsidian.asar
2024-08-27 10:22:23 Loading main app package /usr/lib/obsidian/obsidian.asar
2024-09-01 04:33:34 Loading main app package /usr/lib/obsidian/obsidian.asar
2024-09-01 04:39:10 Loading main app package /usr/lib/obsidian/obsidian.asar
2024-09-01 17:02:55 Loading main app package /usr/lib/obsidian/obsidian.asar
2024-09-02 08:11:19 Loading main app package /usr/lib/obsidian/obsidian.asar
2024-09-02 09:38:57 Loading main app package /usr/lib/obsidian/obsidian.asar
2024-09-02 09:38:57 Checking for update using Github
2024-09-09 11:19:54 Loading main app package /usr/lib/obsidian/obsidian.asar
2024-09-13 12:39:27 Loading main app package /usr/lib/obsidian/obsidian.asar
2024-09-16 14:42:12 Loading main app package /usr/lib/obsidian/obsidian.asar
2024-09-18 10:51:00 Loading main app package /usr/lib/obsidian/obsidian.asar
2024-09-22 04:16:24 Loading main app package /usr/lib/obsidian/obsidian.asar
2024-09-24 10:11:42 Loading main app package /usr/lib/obsidian/obsidian.asar
2024-09-25 12:50:17 Loading main app package /usr/lib/obsidian/obsidian.asar
2024-10-01 03:55:00 Loading main app package /usr/lib/obsidian/obsidian.asar
2024-10-01 04:04:47 Loading main app package /usr/lib/obsidian/obsidian.asar
2024-10-03 09:28:55 Loading main app package /usr/lib/obsidian/obsidian.asar
2024-10-11 11:27:36 Loading main app package /usr/lib/obsidian/obsidian.asar
2024-10-21 14:54:09 Loading main app package /usr/lib/obsidian/obsidian.asar
2024-10-24 10:56:45 Loading main app package /usr/lib/obsidian/obsidian.asar
2024-10-27 09:47:42 Loading main app package /usr/lib/obsidian/obsidian.asar
2024-10-27 09:59:19 Loading main app package /usr/lib/obsidian/obsidian.asar
2024-10-27 09:59:53 Loading main app package /usr/lib/obsidian/obsidian.asar
2024-10-28 07:46:05 Loading main app package /usr/lib/obsidian/obsidian.asar
2024-10-29 05:22:48 Loading main app package /usr/lib/obsidian/obsidian.asar
2024-10-30 15:35:35 Loading main app package /usr/lib/obsidian/obsidian.asar
2024-10-31 11:54:10 Loading main app package /usr/lib/obsidian/obsidian.asar
2024-10-31 11:55:13 Loading main app package /usr/lib/obsidian/obsidian.asar
2024-11-01 05:09:55 Loading main app package /usr/lib/obsidian/obsidian.asar
2024-11-01 11:32:27 Loading main app package /usr/lib/obsidian/obsidian.asar
2024-11-01 11:36:18 Loading main app package /usr/lib/obsidian/obsidian.asar
2024-11-02 03:01:05 Loading main app package /usr/lib/obsidian/obsidian.asar
2024-11-03 06:12:52 Loading main app package /usr/lib/obsidian/obsidian.asar
2024-11-03 17:14:51 Loading main app package /usr/lib/obsidian/obsidian.asar
2024-11-04 08:11:50 Loading main app package /usr/lib/obsidian/obsidian.asar
2024-11-05 10:54:22 Loading main app package /usr/lib/obsidian/obsidian.asar
